导入网络 ...
网络导入成功

连续图像帧数为：28
预测动作：discard sample, 置信度：0.9913510084152222
预测轨迹为: 
[[-0.2479  0.0468  1.0775]
 [-0.2552  0.0491  1.0729]
 [-0.2575  0.05    1.0737]
 [-0.2594  0.0513  1.073 ]
 [-0.2619  0.0525  1.0737]
 [-0.2653  0.0531  1.0743]
 [-0.267   0.0555  1.0729]
 [-0.2697  0.0571  1.0727]
 [-0.273   0.0587  1.0716]
 [-0.2748  0.0601  1.0706]
 [-0.2778  0.0615  1.0702]
 [-0.2814  0.0627  1.0691]
 [-0.2834  0.0642  1.0673]
 [-0.2862  0.0658  1.0655]
 [-0.2887  0.0672  1.0642]
 [-0.2913  0.0679  1.0624]
 [-0.2943  0.0689  1.0604]
 [-0.297   0.0699  1.0589]
 [-0.2983  0.0715  1.0579]
 [-0.3011  0.0724  1.0567]
 [-0.304   0.073   1.0552]
 [-0.307   0.0741  1.0539]
 [-0.3086  0.075   1.052 ]
 [-0.311   0.076   1.051 ]
 [-0.3131  0.0755  1.0501]
 [-0.3161  0.076   1.0493]
 [-0.3175  0.0766  1.0485]
 [-0.3189  0.0774  1.0474]]

连续图像帧数为：28
预测动作：discard sample, 置信度：0.942661702632904
预测轨迹为: 
[[-0.2274  0.0237  1.0643]
 [-0.2341  0.0273  1.0556]
 [-0.2377  0.0302  1.0541]
 [-0.2404  0.034   1.051 ]
 [-0.243   0.0373  1.0489]
 [-0.2473  0.0395  1.0472]
 [-0.2495  0.0441  1.0437]
 [-0.2523  0.0479  1.0406]
 [-0.2559  0.0511  1.0384]
 [-0.2584  0.0553  1.0336]
 [-0.2619  0.0593  1.0315]
 [-0.2656  0.0627  1.0279]
 [-0.2676  0.0668  1.024 ]
 [-0.2708  0.071   1.0203]
 [-0.2736  0.0756  1.0165]
 [-0.2761  0.0787  1.0135]
 [-0.2791  0.0826  1.0098]
 [-0.2826  0.0859  1.0069]
 [-0.284   0.0899  1.0042]
 [-0.2867  0.0936  1.0017]
 [-0.2894  0.0971  0.9987]
 [-0.2928  0.1008  0.9958]
 [-0.2949  0.1046  0.9921]
 [-0.2974  0.1073  0.9902]
 [-0.3     0.1091  0.9884]
 [-0.3033  0.1116  0.987 ]
 [-0.3056  0.1146  0.9847]
 [-0.3072  0.1175  0.9826]]

连续图像帧数为：28
预测动作：discard sample, 置信度：0.979726254940033
预测轨迹为: 
[[-0.2914  0.0906  1.0286]
 [-0.295   0.0918  1.027 ]
 [-0.2958  0.0932  1.0282]
 [-0.2962  0.0941  1.0283]
 [-0.2969  0.0945  1.0299]
 [-0.2986  0.095   1.0315]
 [-0.299   0.0969  1.0314]
 [-0.2998  0.098   1.032 ]
 [-0.3011  0.099   1.032 ]
 [-0.3013  0.0996  1.0319]
 [-0.3027  0.1001  1.0327]
 [-0.3041  0.1007  1.0323]
 [-0.3039  0.1014  1.0318]
 [-0.3046  0.102   1.0309]
 [-0.3046  0.1025  1.0307]
 [-0.3049  0.102   1.0299]
 [-0.3059  0.1017  1.0291]
 [-0.307   0.1013  1.0294]
 [-0.3062  0.1009  1.0285]
 [-0.3069  0.1002  1.0285]
 [-0.3077  0.0993  1.0283]
 [-0.3084  0.0988  1.0281]
 [-0.3082  0.0981  1.0275]
 [-0.3085  0.0976  1.0276]
 [-0.3088  0.0957  1.0281]
 [-0.31    0.0948  1.0282]
 [-0.3096  0.0943  1.0293]
 [-0.3091  0.0938  1.0295]]

连续图像帧数为：28
预测动作：discard sample, 置信度：0.6381810903549194
预测轨迹为: 
[[-0.2034  0.0755  0.9902]
 [-0.2067  0.0789  0.9833]
 [-0.2088  0.0828  0.9808]
 [-0.2101  0.087   0.9778]
 [-0.2117  0.0904  0.975 ]
 [-0.2151  0.093   0.974 ]
 [-0.2164  0.0979  0.9705]
 [-0.2179  0.1017  0.9673]
 [-0.2203  0.105   0.9656]
 [-0.2217  0.1087  0.9615]
 [-0.2245  0.1119  0.9603]
 [-0.2272  0.1158  0.9567]
 [-0.2287  0.1191  0.9547]
 [-0.2306  0.1228  0.9516]
 [-0.2325  0.1264  0.9493]
 [-0.2344  0.1288  0.9472]
 [-0.2364  0.1319  0.9441]
 [-0.2393  0.1337  0.9424]
 [-0.2407  0.1365  0.9403]
 [-0.2424  0.1398  0.9378]
 [-0.2441  0.1426  0.9354]
 [-0.2468  0.1454  0.9328]
 [-0.2483  0.1482  0.9293]
 [-0.2496  0.1495  0.9277]
 [-0.2519  0.1508  0.9266]
 [-0.2548  0.1522  0.926 ]
 [-0.2568  0.1542  0.9253]
 [-0.2572  0.1564  0.9242]]

连续图像帧数为：28
预测动作：place PS, 置信度：0.9956550598144531
预测轨迹为: 
[[-0.2358  0.1647  0.9171]
 [-0.2358  0.1669  0.9149]
 [-0.2361  0.1712  0.9135]
 [-0.2356  0.1742  0.9125]
 [-0.2359  0.1762  0.9118]
 [-0.2379  0.1784  0.9133]
 [-0.2381  0.1821  0.9118]
 [-0.2378  0.185   0.911 ]
 [-0.2388  0.1876  0.9105]
 [-0.2387  0.1896  0.9091]
 [-0.2407  0.1902  0.9107]
 [-0.2415  0.1932  0.9086]
 [-0.2417  0.194   0.9097]
 [-0.2418  0.1953  0.9089]
 [-0.242   0.1963  0.909 ]
 [-0.2427  0.1961  0.9082]
 [-0.2432  0.1964  0.907 ]
 [-0.2456  0.1955  0.9074]
 [-0.2458  0.1945  0.906 ]
 [-0.2459  0.1944  0.9049]
 [-0.2464  0.1938  0.9046]
 [-0.247   0.1938  0.9029]
 [-0.2469  0.1933  0.9012]
 [-0.2464  0.1916  0.9011]
 [-0.2475  0.1902  0.9019]
 [-0.2492  0.1889  0.9024]
 [-0.2494  0.188   0.905 ]
 [-0.2482  0.1868  0.9063]]

连续图像帧数为：28
预测动作：place PS, 置信度：0.9998915195465088
预测轨迹为: 
[[-0.2805  0.2478  0.8537]
 [-0.2785  0.2488  0.8553]
 [-0.2772  0.2528  0.855 ]
 [-0.2754  0.254   0.8566]
 [-0.2753  0.2541  0.8577]
 [-0.2757  0.2553  0.8615]
 [-0.2748  0.2573  0.8621]
 [-0.2733  0.2586  0.8632]
 [-0.2732  0.2599  0.8639]
 [-0.272   0.2595  0.8648]
 [-0.2733  0.2573  0.8689]
 [-0.2731  0.2585  0.8681]
 [-0.2721  0.2567  0.8716]
 [-0.2709  0.2552  0.8731]
 [-0.2693  0.2532  0.8753]
 [-0.2693  0.25    0.8754]
 [-0.2691  0.2475  0.8757]
 [-0.2711  0.2433  0.8782]
 [-0.2707  0.2386  0.8778]
 [-0.2693  0.235   0.8785]
 [-0.2689  0.231   0.8801]
 [-0.2677  0.2278  0.88  ]
 [-0.2662  0.2238  0.8806]
 [-0.2642  0.2194  0.8821]
 [-0.2641  0.2152  0.8854]
 [-0.2646  0.2111  0.8875]
 [-0.2634  0.2074  0.8932]
 [-0.2606  0.2034  0.8965]]

连续图像帧数为：28
预测动作：take PS, 置信度：0.3530574440956116
预测轨迹为: 
[[-0.0867  0.2241  0.929 ]
 [-0.0871  0.2215  0.9301]
 [-0.0877  0.2197  0.9296]
 [-0.0897  0.2166  0.93  ]
 [-0.0909  0.2141  0.9287]
 [-0.094   0.2102  0.9304]
 [-0.097   0.2058  0.9302]
 [-0.0997  0.2013  0.9306]
 [-0.1036  0.1955  0.9305]
 [-0.1079  0.1858  0.9328]
 [-0.1136  0.1775  0.9353]
 [-0.1178  0.1708  0.9363]
 [-0.1233  0.1617  0.9406]
 [-0.1286  0.1534  0.9447]
 [-0.133   0.1449  0.9494]
 [-0.1394  0.1354  0.9528]
 [-0.145   0.126   0.9575]
 [-0.1516  0.1163  0.9627]
 [-0.1576  0.1081  0.9688]
 [-0.1615  0.1008  0.9744]
 [-0.1666  0.0933  0.9803]
 [-0.1722  0.0857  0.9872]
 [-0.1751  0.0787  0.9926]
 [-0.1795  0.0717  0.9982]
 [-0.1851  0.0653  1.0053]
 [-0.1877  0.0604  1.0114]
 [-0.1907  0.056   1.0193]
 [-0.193   0.0512  1.0256]]

连续图像帧数为：28
预测动作：place PS, 置信度：0.9665120244026184
预测轨迹为: 
[[-0.2874  0.2298  0.8668]
 [-0.2858  0.2312  0.8678]
 [-0.2849  0.2356  0.8676]
 [-0.2833  0.2372  0.8692]
 [-0.2833  0.2378  0.8705]
 [-0.2839  0.2395  0.8741]
 [-0.2831  0.2421  0.8747]
 [-0.2817  0.2439  0.8757]
 [-0.2819  0.2458  0.8765]
 [-0.2807  0.2462  0.8771]
 [-0.2821  0.2449  0.881 ]
 [-0.2819  0.2467  0.8801]
 [-0.2808  0.2459  0.883 ]
 [-0.2796  0.2451  0.8841]
 [-0.2781  0.2439  0.8857]
 [-0.278   0.2416  0.8855]
 [-0.2778  0.2399  0.8854]
 [-0.2798  0.2365  0.8875]
 [-0.2791  0.2327  0.8864]
 [-0.2777  0.2297  0.8865]
 [-0.2772  0.2265  0.8876]
 [-0.276   0.224   0.8869]
 [-0.2747  0.2206  0.887 ]
 [-0.2727  0.2169  0.8879]
 [-0.2727  0.2132  0.8906]
 [-0.2734  0.2095  0.8921]
 [-0.2722  0.2063  0.8971]
 [-0.2694  0.2028  0.8996]]

连续图像帧数为：28
预测动作：operate oscillator, 置信度：0.9028466939926147
预测轨迹为: 
[[-0.215   0.1639  0.9525]
 [-0.2158  0.1653  0.9517]
 [-0.2157  0.1677  0.9517]
 [-0.2151  0.1692  0.9518]
 [-0.2151  0.1703  0.952 ]
 [-0.2165  0.1714  0.9539]
 [-0.2164  0.1735  0.9533]
 [-0.216   0.1749  0.9535]
 [-0.2167  0.1759  0.9532]
 [-0.2165  0.1763  0.9529]
 [-0.2181  0.1755  0.9547]
 [-0.2189  0.1767  0.9535]
 [-0.2194  0.176   0.9546]
 [-0.2197  0.176   0.9544]
 [-0.22    0.1753  0.9549]
 [-0.221   0.1738  0.9544]
 [-0.2218  0.1728  0.9535]
 [-0.2237  0.1707  0.9539]
 [-0.2247  0.1691  0.9536]
 [-0.2252  0.1677  0.9533]
 [-0.2262  0.1659  0.9536]
 [-0.2274  0.1647  0.9533]
 [-0.2277  0.1628  0.9528]
 [-0.2277  0.1606  0.9532]
 [-0.2293  0.158   0.9548]
 [-0.2309  0.1562  0.956 ]
 [-0.2313  0.1545  0.9589]
 [-0.2307  0.1527  0.9606]]

连续图像帧数为：28
预测动作：operate oscillator, 置信度：0.6487936973571777
预测轨迹为: 
[[-0.2767  0.15    0.9178]
 [-0.2771  0.1531  0.9147]
 [-0.2782  0.1585  0.9133]
 [-0.2783  0.1623  0.9124]
 [-0.2793  0.1648  0.9122]
 [-0.2818  0.1678  0.9138]
 [-0.2824  0.1726  0.9125]
 [-0.2826  0.1764  0.9117]
 [-0.2841  0.1799  0.9115]
 [-0.2843  0.1831  0.9094]
 [-0.2867  0.1851  0.9111]
 [-0.2877  0.1889  0.9088]
 [-0.2874  0.1913  0.909 ]
 [-0.2876  0.1936  0.9081]
 [-0.2875  0.196   0.9072]
 [-0.2881  0.1971  0.9061]
 [-0.2886  0.1983  0.9043]
 [-0.2914  0.1982  0.9047]
 [-0.2907  0.198   0.9018]
 [-0.2906  0.1984  0.9002]
 [-0.2908  0.1988  0.8991]
 [-0.291   0.1995  0.8965]
 [-0.291   0.2     0.8942]
 [-0.2902  0.1991  0.8935]
 [-0.291   0.1983  0.894 ]
 [-0.293   0.1973  0.8936]
 [-0.2927  0.1969  0.8956]
 [-0.2911  0.1964  0.8958]]

连续图像帧数为：28
预测动作：place PS, 置信度：0.7852739691734314
预测轨迹为: 
[[-0.2088  0.1891  0.9228]
 [-0.2092  0.1903  0.9216]
 [-0.209   0.1927  0.9209]
 [-0.2085  0.194   0.9206]
 [-0.2087  0.1947  0.9202]
 [-0.2104  0.1953  0.922 ]
 [-0.2106  0.1969  0.9212]
 [-0.2104  0.1979  0.9209]
 [-0.2114  0.1984  0.9204]
 [-0.2116  0.1976  0.9201]
 [-0.2138  0.1959  0.922 ]
 [-0.215   0.1964  0.9206]
 [-0.2159  0.1947  0.9224]
 [-0.2166  0.1937  0.9226]
 [-0.2172  0.192   0.9237]
 [-0.2189  0.1894  0.9236]
 [-0.2201  0.1873  0.9233]
 [-0.2228  0.1841  0.9245]
 [-0.2243  0.1812  0.9248]
 [-0.2249  0.1792  0.9252]
 [-0.2263  0.1764  0.9262]
 [-0.2277  0.1744  0.9267]
 [-0.2281  0.1718  0.9269]
 [-0.2283  0.1688  0.928 ]
 [-0.2301  0.1657  0.9305]
 [-0.2317  0.1634  0.9325]
 [-0.2323  0.1614  0.9364]
 [-0.2317  0.159   0.9392]]

连续图像帧数为：28
预测动作：place PS, 置信度：0.9970192909240723
预测轨迹为: 
[[-0.1819  0.1236  0.941 ]
 [-0.1844  0.1261  0.9351]
 [-0.1863  0.1298  0.9322]
 [-0.1875  0.1332  0.9294]
 [-0.1893  0.1358  0.9263]
 [-0.1929  0.1372  0.9261]
 [-0.1944  0.1407  0.9226]
 [-0.1961  0.1433  0.9198]
 [-0.1987  0.1455  0.918 ]
 [-0.2006  0.1467  0.9149]
 [-0.204   0.1479  0.9145]
 [-0.2071  0.1503  0.9112]
 [-0.2095  0.151   0.9111]
 [-0.2117  0.1525  0.9089]
 [-0.2142  0.1537  0.908 ]
 [-0.2171  0.1541  0.9065]
 [-0.2198  0.1549  0.9047]
 [-0.2238  0.1544  0.9044]
 [-0.226   0.1547  0.9034]
 [-0.228   0.1564  0.9017]
 [-0.2303  0.1573  0.9005]
 [-0.2332  0.1587  0.8987]
 [-0.2348  0.1598  0.8961]
 [-0.2361  0.1594  0.8954]
 [-0.2388  0.1597  0.8953]
 [-0.2418  0.16    0.8958]
 [-0.2439  0.1612  0.8967]
 [-0.244   0.1621  0.897 ]]

连续图像帧数为：28
预测动作：place PS, 置信度：0.9731095433235168
预测轨迹为: 
[[-0.2275  0.247   0.8851]
 [-0.2261  0.2453  0.8865]
 [-0.2249  0.2459  0.886 ]
 [-0.2243  0.2444  0.8862]
 [-0.2243  0.2425  0.8859]
 [-0.2253  0.2403  0.8884]
 [-0.2258  0.2386  0.8883]
 [-0.2255  0.2363  0.8887]
 [-0.2265  0.2338  0.8883]
 [-0.227   0.228   0.8899]
 [-0.2295  0.2221  0.8927]
 [-0.2305  0.2185  0.8926]
 [-0.2315  0.2126  0.8967]
 [-0.2322  0.2072  0.8988]
 [-0.232   0.2012  0.9026]
 [-0.2338  0.1942  0.9044]
 [-0.2355  0.1873  0.9073]
 [-0.2381  0.1798  0.9108]
 [-0.2399  0.1725  0.9148]
 [-0.24    0.1668  0.9185]
 [-0.2413  0.1602  0.9227]
 [-0.242   0.1541  0.927 ]
 [-0.2416  0.1478  0.9311]
 [-0.2416  0.1417  0.9354]
 [-0.2426  0.1359  0.941 ]
 [-0.2428  0.131   0.946 ]
 [-0.2425  0.1272  0.9533]
 [-0.241   0.1224  0.9591]]

连续图像帧数为：28
预测动作：place PS, 置信度：0.3837515711784363
预测轨迹为: 
[[-0.192   0.177   0.9357]
 [-0.1928  0.178   0.934 ]
 [-0.193   0.1801  0.9333]
 [-0.1929  0.1814  0.9326]
 [-0.1933  0.1823  0.9318]
 [-0.1953  0.1826  0.9334]
 [-0.1958  0.184   0.9321]
 [-0.196   0.1848  0.9316]
 [-0.1974  0.1852  0.9308]
 [-0.198   0.1841  0.9304]
 [-0.2005  0.1823  0.9319]
 [-0.2021  0.1827  0.9304]
 [-0.2035  0.1809  0.9321]
 [-0.2045  0.1798  0.932 ]
 [-0.2057  0.178   0.9331]
 [-0.2078  0.1755  0.9329]
 [-0.2094  0.1734  0.9327]
 [-0.2124  0.1704  0.9336]
 [-0.2142  0.1676  0.9342]
 [-0.2153  0.1659  0.9344]
 [-0.2171  0.1635  0.9354]
 [-0.2191  0.1619  0.9358]
 [-0.2198  0.1595  0.9358]
 [-0.2205  0.1567  0.9368]
 [-0.2227  0.1541  0.9389]
 [-0.2246  0.1521  0.9408]
 [-0.2254  0.1505  0.9443]
 [-0.2252  0.1487  0.9468]]

连续图像帧数为：28
预测动作：place PS, 置信度：0.3853848874568939
预测轨迹为: 
[[-0.0792  0.1438  0.99  ]
 [-0.081   0.1447  0.9871]
 [-0.0819  0.1454  0.9858]
 [-0.0825  0.1463  0.9841]
 [-0.0831  0.1476  0.9815]
 [-0.0855  0.1473  0.9811]
 [-0.0867  0.1476  0.9786]
 [-0.0884  0.1475  0.9771]
 [-0.0909  0.1464  0.9753]
 [-0.0933  0.1436  0.9741]
 [-0.0968  0.1412  0.9734]
 [-0.1     0.1398  0.9719]
 [-0.1041  0.1365  0.9718]
 [-0.108   0.1345  0.9716]
 [-0.1119  0.1319  0.9719]
 [-0.1162  0.1286  0.9716]
 [-0.1202  0.1257  0.9711]
 [-0.1249  0.1219  0.9715]
 [-0.1294  0.1202  0.973 ]
 [-0.1329  0.1184  0.9734]
 [-0.1371  0.1157  0.9741]
 [-0.1423  0.1134  0.9757]
 [-0.1456  0.1108  0.9756]
 [-0.1493  0.1075  0.9767]
 [-0.154   0.1046  0.9785]
 [-0.1575  0.1033  0.9802]
 [-0.1615  0.101   0.9831]
 [-0.1642  0.0994  0.9847]]

连续图像帧数为：28
预测动作：place PS, 置信度：0.7868102788925171
预测轨迹为: 
[[-0.1869  0.2339  0.907 ]
 [-0.1862  0.2328  0.9073]
 [-0.1855  0.2333  0.9067]
 [-0.1852  0.2322  0.9065]
 [-0.1854  0.231   0.9058]
 [-0.187   0.2293  0.9077]
 [-0.1878  0.228   0.9071]
 [-0.1879  0.2262  0.9071]
 [-0.1894  0.2237  0.9065]
 [-0.1905  0.2185  0.9075]
 [-0.1936  0.2131  0.9097]
 [-0.1952  0.2099  0.9093]
 [-0.1972  0.2043  0.9125]
 [-0.1989  0.1995  0.9144]
 [-0.1999  0.1941  0.9173]
 [-0.2027  0.1876  0.9187]
 [-0.2051  0.1812  0.9208]
 [-0.2087  0.1742  0.924 ]
 [-0.2115  0.1677  0.9273]
 [-0.2125  0.1624  0.9304]
 [-0.2147  0.1564  0.9341]
 [-0.2168  0.1507  0.938 ]
 [-0.2175  0.145   0.9413]
 [-0.2188  0.1392  0.9452]
 [-0.2211  0.1337  0.9504]
 [-0.2221  0.1293  0.955 ]
 [-0.2229  0.1255  0.9616]
 [-0.2227  0.1212  0.967 ]]

连续图像帧数为：28
预测动作：place PS, 置信度：0.4861806035041809
预测轨迹为: 
[[ 1.4000e-03  1.7040e-01  9.8880e-01]
 [ 6.0000e-04  1.6960e-01  9.8770e-01]
 [-6.0000e-04  1.6850e-01  9.8660e-01]
 [-2.1000e-03  1.6740e-01  9.8580e-01]
 [-3.0000e-03  1.6730e-01  9.8290e-01]
 [-6.0000e-03  1.6540e-01  9.8260e-01]
 [-8.4000e-03  1.6310e-01  9.8120e-01]
 [-1.1700e-02  1.6070e-01  9.8020e-01]
 [-1.5400e-02  1.5660e-01  9.7890e-01]
 [-2.0100e-02  1.4950e-01  9.7940e-01]
 [-2.5800e-02  1.4390e-01  9.7930e-01]
 [-3.0600e-02  1.3900e-01  9.7880e-01]
 [-3.7000e-02  1.3230e-01  9.8000e-01]
 [-4.3600e-02  1.2650e-01  9.8240e-01]
 [-4.9700e-02  1.2050e-01  9.8460e-01]
 [-5.6900e-02  1.1350e-01  9.8620e-01]
 [-6.3200e-02  1.0690e-01  9.8810e-01]
 [-7.0400e-02  9.9800e-02  9.9080e-01]
 [-7.7200e-02  9.5100e-02  9.9480e-01]
 [-8.2600e-02  9.0200e-02  9.9800e-01]
 [-8.8600e-02  8.5000e-02  1.0010e+00]
 [-9.6300e-02  7.9100e-02  1.0063e+00]
 [-1.0130e-01  7.4000e-02  1.0087e+00]
 [-1.0730e-01  6.8500e-02  1.0120e+00]
 [-1.1420e-01  6.3100e-02  1.0167e+00]
 [-1.1830e-01  6.0200e-02  1.0199e+00]
 [-1.2410e-01  5.5700e-02  1.0253e+00]
 [-1.2860e-01  5.2500e-02  1.0285e+00]]

连续图像帧数为：28
预测动作：place PS, 置信度：0.5150923132896423
预测轨迹为: 
[[-0.0136  0.1562  0.9931]
 [-0.0152  0.1543  0.9928]
 [-0.017   0.1514  0.993 ]
 [-0.0196  0.1483  0.9941]
 [-0.0212  0.1465  0.993 ]
 [-0.0249  0.1429  0.9946]
 [-0.0283  0.1387  0.9955]
 [-0.0327  0.1344  0.9964]
 [-0.0373  0.1286  0.9971]
 [-0.0428  0.1196  0.9998]
 [-0.0491  0.1124  1.0022]
 [-0.0546  0.1058  1.004 ]
 [-0.0613  0.0979  1.0076]
 [-0.0686  0.0902  1.0122]
 [-0.0749  0.0827  1.0167]
 [-0.0828  0.0744  1.0207]
 [-0.0898  0.0667  1.0252]
 [-0.0974  0.0587  1.03  ]
 [-0.1041  0.0529  1.0362]
 [-0.1099  0.047   1.0418]
 [-0.1158  0.0413  1.0471]
 [-0.1236  0.0349  1.0544]
 [-0.1282  0.0296  1.0591]
 [-0.1343  0.0245  1.0638]
 [-0.1416  0.0191  1.0702]
 [-0.1455  0.0159  1.0746]
 [-0.1505  0.0121  1.0809]
 [-0.1548  0.0093  1.0851]]

连续图像帧数为：28
预测动作：take PS, 置信度：0.6496031284332275
预测轨迹为: 
[[ 3.0000e-03  1.6540e-01  9.8650e-01]
 [ 1.3000e-03  1.6440e-01  9.8480e-01]
 [-4.0000e-04  1.6290e-01  9.8380e-01]
 [-2.8000e-03  1.6140e-01  9.8330e-01]
 [-4.3000e-03  1.6090e-01  9.8050e-01]
 [-7.8000e-03  1.5840e-01  9.8030e-01]
 [-1.0900e-02  1.5560e-01  9.7920e-01]
 [-1.4900e-02  1.5270e-01  9.7820e-01]
 [-1.9400e-02  1.4810e-01  9.7720e-01]
 [-2.4900e-02  1.4010e-01  9.7800e-01]
 [-3.1200e-02  1.3400e-01  9.7820e-01]
 [-3.6800e-02  1.2850e-01  9.7800e-01]
 [-4.3900e-02  1.2130e-01  9.7960e-01]
 [-5.1200e-02  1.1490e-01  9.8230e-01]
 [-5.7900e-02  1.0840e-01  9.8500e-01]
 [-6.5900e-02  1.0090e-01  9.8700e-01]
 [-7.2900e-02  9.3900e-02  9.8940e-01]
 [-8.0900e-02  8.6300e-02  9.9280e-01]
 [-8.8200e-02  8.1200e-02  9.9730e-01]
 [-9.4100e-02  7.6000e-02  1.0012e+00]
 [-1.0060e-01  7.0700e-02  1.0047e+00]
 [-1.0870e-01  6.4500e-02  1.0104e+00]
 [-1.1400e-01  5.9400e-02  1.0134e+00]
 [-1.2040e-01  5.3900e-02  1.0172e+00]
 [-1.2780e-01  4.8500e-02  1.0223e+00]
 [-1.3210e-01  4.5500e-02  1.0259e+00]
 [-1.3800e-01  4.1400e-02  1.0316e+00]
 [-1.4260e-01  3.8400e-02  1.0351e+00]]

连续图像帧数为：28
预测动作：place PS, 置信度：0.5702670812606812
预测轨迹为: 
[[ 3.1000e-03  1.7670e-01  9.8340e-01]
 [ 2.6000e-03  1.7550e-01  9.8280e-01]
 [ 1.5000e-03  1.7390e-01  9.8200e-01]
 [-2.0000e-04  1.7240e-01  9.8160e-01]
 [-1.0000e-03  1.7190e-01  9.7910e-01]
 [-4.1000e-03  1.6960e-01  9.7930e-01]
 [-6.8000e-03  1.6660e-01  9.7850e-01]
 [-1.0200e-02  1.6370e-01  9.7800e-01]
 [-1.4000e-02  1.5900e-01  9.7700e-01]
 [-1.8800e-02  1.5120e-01  9.7830e-01]
 [-2.4700e-02  1.4480e-01  9.7890e-01]
 [-2.9600e-02  1.3940e-01  9.7890e-01]
 [-3.6200e-02  1.3210e-01  9.8090e-01]
 [-4.2900e-02  1.2550e-01  9.8400e-01]
 [-4.9100e-02  1.1860e-01  9.8700e-01]
 [-5.6400e-02  1.1110e-01  9.8940e-01]
 [-6.2800e-02  1.0380e-01  9.9200e-01]
 [-7.0000e-02  9.6100e-02  9.9540e-01]
 [-7.7000e-02  9.0800e-02  1.0001e+00]
 [-8.2500e-02  8.5100e-02  1.0040e+00]
 [-8.8500e-02  7.9500e-02  1.0078e+00]
 [-9.6100e-02  7.3100e-02  1.0138e+00]
 [-1.0110e-01  6.7600e-02  1.0169e+00]
 [-1.0700e-01  6.1800e-02  1.0207e+00]
 [-1.1420e-01  5.5900e-02  1.0260e+00]
 [-1.1820e-01  5.2600e-02  1.0297e+00]
 [-1.2370e-01  4.7900e-02  1.0356e+00]
 [-1.2820e-01  4.4200e-02  1.0394e+00]]

连续图像帧数为：28
预测动作：operate oscillator, 置信度：0.6539291739463806
预测轨迹为: 
[[-0.227   0.1577  0.9316]
 [-0.227   0.1601  0.9303]
 [-0.2271  0.1642  0.9292]
 [-0.2265  0.1674  0.9284]
 [-0.2266  0.1697  0.9279]
 [-0.2284  0.1721  0.9295]
 [-0.2284  0.176   0.9281]
 [-0.228   0.1792  0.9274]
 [-0.2288  0.1819  0.9269]
 [-0.2285  0.1845  0.9255]
 [-0.2302  0.1855  0.9271]
 [-0.2309  0.1888  0.9252]
 [-0.2311  0.19    0.9257]
 [-0.2311  0.1918  0.9249]
 [-0.2314  0.1932  0.9246]
 [-0.2321  0.1935  0.9236]
 [-0.2325  0.1942  0.922 ]
 [-0.2346  0.1937  0.9221]
 [-0.2348  0.1934  0.9203]
 [-0.235   0.1935  0.919 ]
 [-0.2355  0.1933  0.9182]
 [-0.2364  0.1935  0.9164]
 [-0.2366  0.1932  0.9146]
 [-0.236   0.1918  0.914 ]
 [-0.2374  0.1904  0.9148]
 [-0.2392  0.1893  0.9149]
 [-0.2394  0.1883  0.9171]
 [-0.2385  0.1873  0.9179]]

连续图像帧数为：28
预测动作：place PS, 置信度：0.9997691512107849
预测轨迹为: 
[[-0.2583  0.178   0.9019]
 [-0.258   0.1802  0.9002]
 [-0.2582  0.1849  0.899 ]
 [-0.2576  0.1878  0.8986]
 [-0.258   0.1897  0.8984]
 [-0.2598  0.192   0.9005]
 [-0.2598  0.1957  0.8995]
 [-0.2594  0.1987  0.8991]
 [-0.2603  0.2014  0.8989]
 [-0.2601  0.2033  0.8978]
 [-0.262   0.2038  0.9001]
 [-0.2626  0.2068  0.8981]
 [-0.2623  0.2076  0.8996]
 [-0.2621  0.2086  0.8992]
 [-0.2618  0.2094  0.8995]
 [-0.2623  0.209   0.8987]
 [-0.2626  0.2091  0.8977]
 [-0.265   0.2078  0.8986]
 [-0.2647  0.2062  0.8969]
 [-0.2644  0.2055  0.8959]
 [-0.2644  0.2046  0.8957]
 [-0.2645  0.2042  0.894 ]
 [-0.2641  0.2033  0.8925]
 [-0.263   0.2013  0.8925]
 [-0.2638  0.1996  0.8936]
 [-0.2653  0.1978  0.8941]
 [-0.265   0.1964  0.8971]
 [-0.2632  0.195   0.8985]]

连续图像帧数为：28
预测动作：place PS, 置信度：0.753487229347229
预测轨迹为: 
[[-0.2622  0.0922  0.9529]
 [-0.2623  0.0964  0.9477]
 [-0.2639  0.1027  0.9441]
 [-0.2642  0.1086  0.9406]
 [-0.2648  0.1129  0.9379]
 [-0.2675  0.1172  0.9367]
 [-0.2679  0.1245  0.9329]
 [-0.2679  0.1302  0.9293]
 [-0.2692  0.1352  0.9279]
 [-0.2692  0.1414  0.9229]
 [-0.2711  0.1463  0.9223]
 [-0.2719  0.1525  0.9181]
 [-0.2715  0.1577  0.9159]
 [-0.2716  0.1633  0.9129]
 [-0.2714  0.1692  0.9099]
 [-0.2712  0.1733  0.9076]
 [-0.2712  0.1777  0.9042]
 [-0.2733  0.1806  0.9034]
 [-0.2721  0.1838  0.899 ]
 [-0.2718  0.1875  0.8958]
 [-0.2716  0.1915  0.8929]
 [-0.272   0.1947  0.8892]
 [-0.2723  0.1985  0.8851]
 [-0.2714  0.1999  0.8833]
 [-0.2722  0.2015  0.8823]
 [-0.2743  0.2026  0.8807]
 [-0.2746  0.2043  0.8804]
 [-0.2732  0.2063  0.8789]]

连续图像帧数为：28
预测动作：place PS, 置信度：0.9920336604118347
预测轨迹为: 
[[-0.2336  0.2129  0.9151]
 [-0.2332  0.2111  0.9155]
 [-0.2322  0.2109  0.9154]
 [-0.2317  0.2092  0.9156]
 [-0.2317  0.207   0.9157]
 [-0.2329  0.2045  0.9181]
 [-0.2333  0.2025  0.9182]
 [-0.2332  0.1998  0.9187]
 [-0.2342  0.1971  0.9187]
 [-0.2347  0.1913  0.9206]
 [-0.2369  0.1858  0.9232]
 [-0.2379  0.1821  0.9236]
 [-0.2386  0.1765  0.9274]
 [-0.2393  0.1716  0.9293]
 [-0.239   0.166   0.9331]
 [-0.2403  0.1595  0.9352]
 [-0.242   0.1531  0.9384]
 [-0.244   0.1466  0.9418]
 [-0.2453  0.1401  0.9462]
 [-0.2454  0.1354  0.9499]
 [-0.2464  0.1298  0.9541]
 [-0.2472  0.1247  0.9584]
 [-0.2467  0.1193  0.9624]
 [-0.2469  0.1145  0.9666]
 [-0.2476  0.1098  0.9716]
 [-0.2478  0.1058  0.9763]
 [-0.2473  0.1033  0.9825]
 [-0.246   0.1     0.9876]]

连续图像帧数为：28
预测动作：place PS, 置信度：0.9292076826095581
预测轨迹为: 
[[-0.186   0.0901  0.997 ]
 [-0.1903  0.0924  0.9918]
 [-0.1922  0.0946  0.9909]
 [-0.1936  0.097   0.9892]
 [-0.1954  0.0988  0.9878]
 [-0.1987  0.0997  0.988 ]
 [-0.2002  0.1021  0.9857]
 [-0.2021  0.1038  0.9841]
 [-0.2048  0.1054  0.9828]
 [-0.2066  0.1061  0.9808]
 [-0.2097  0.107   0.9804]
 [-0.2128  0.1084  0.9782]
 [-0.215   0.1091  0.9774]
 [-0.2174  0.1103  0.9752]
 [-0.22    0.1109  0.9744]
 [-0.2228  0.1109  0.973 ]
 [-0.2257  0.1115  0.9712]
 [-0.2291  0.1113  0.9704]
 [-0.2312  0.112   0.9698]
 [-0.2335  0.1134  0.9685]
 [-0.2362  0.1142  0.9673]
 [-0.2395  0.1155  0.9659]
 [-0.2412  0.1162  0.9637]
 [-0.2431  0.1165  0.963 ]
 [-0.2459  0.1168  0.9627]
 [-0.2491  0.1171  0.963 ]
 [-0.2511  0.1185  0.9631]
 [-0.252   0.1197  0.9627]]

连续图像帧数为：28
预测动作：place PS, 置信度：0.9564322233200073
预测轨迹为: 
[[-0.2746  0.127   0.9369]
 [-0.2754  0.1306  0.9329]
 [-0.2771  0.1362  0.9312]
 [-0.2775  0.1407  0.9298]
 [-0.2788  0.1437  0.9293]
 [-0.2817  0.1472  0.9303]
 [-0.2825  0.1527  0.9285]
 [-0.2831  0.1572  0.9271]
 [-0.2849  0.1612  0.9267]
 [-0.2854  0.1655  0.9238]
 [-0.288   0.1686  0.9249]
 [-0.2892  0.1731  0.9223]
 [-0.2892  0.1766  0.9216]
 [-0.2897  0.1801  0.9201]
 [-0.29    0.1837  0.9183]
 [-0.2907  0.1859  0.9169]
 [-0.2915  0.1882  0.9144]
 [-0.2944  0.1894  0.9144]
 [-0.2937  0.1905  0.9106]
 [-0.2939  0.1919  0.9085]
 [-0.2943  0.1936  0.9067]
 [-0.2949  0.1951  0.9036]
 [-0.2953  0.1968  0.9006]
 [-0.2947  0.1969  0.8994]
 [-0.2958  0.1968  0.8994]
 [-0.2981  0.1966  0.8983]
 [-0.2981  0.1969  0.8993]
 [-0.2969  0.1972  0.8986]]

连续图像帧数为：28
预测动作：discard sample, 置信度：0.5260077714920044
预测轨迹为: 
[[-0.4625  0.1622  0.9029]
 [-0.4626  0.1648  0.9018]
 [-0.4651  0.1712  0.9011]
 [-0.466   0.1743  0.9011]
 [-0.4677  0.1752  0.9028]
 [-0.47    0.1778  0.9056]
 [-0.4712  0.1823  0.9052]
 [-0.4723  0.1865  0.9055]
 [-0.4741  0.1897  0.9069]
 [-0.4741  0.1917  0.905 ]
 [-0.4762  0.1938  0.9071]
 [-0.4771  0.1963  0.9056]
 [-0.4762  0.1986  0.9059]
 [-0.476   0.2004  0.9069]
 [-0.4746  0.2026  0.9067]
 [-0.4745  0.2036  0.9052]
 [-0.4742  0.2041  0.904 ]
 [-0.4779  0.2032  0.9075]
 [-0.4741  0.2013  0.9021]
 [-0.4732  0.1994  0.9017]
 [-0.4728  0.198   0.9016]
 [-0.4709  0.1971  0.8999]
 [-0.4699  0.1964  0.8981]
 [-0.467   0.1945  0.8977]
 [-0.4657  0.1916  0.8994]
 [-0.4657  0.1889  0.8989]
 [-0.4631  0.1866  0.9024]
 [-0.4593  0.1839  0.9018]]

连续图像帧数为：28
预测动作：place PS, 置信度：0.9133002758026123
预测轨迹为: 
[[-0.2138  0.1278  0.9463]
 [-0.2148  0.1307  0.9423]
 [-0.2157  0.1349  0.9403]
 [-0.2158  0.1387  0.9382]
 [-0.2164  0.1417  0.9364]
 [-0.2189  0.1442  0.9368]
 [-0.2193  0.1487  0.9343]
 [-0.2196  0.1523  0.9323]
 [-0.221   0.1554  0.9313]
 [-0.2213  0.1586  0.9286]
 [-0.2234  0.1604  0.9291]
 [-0.2249  0.1642  0.9262]
 [-0.2256  0.1662  0.926 ]
 [-0.2264  0.169   0.9241]
 [-0.2273  0.1713  0.9232]
 [-0.2284  0.1725  0.9218]
 [-0.2293  0.1743  0.9196]
 [-0.2318  0.1748  0.9191]
 [-0.2325  0.1756  0.9172]
 [-0.2333  0.1771  0.9154]
 [-0.2342  0.1782  0.914 ]
 [-0.2357  0.1795  0.9118]
 [-0.2363  0.1806  0.9092]
 [-0.2365  0.1802  0.9083]
 [-0.2383  0.18    0.9083]
 [-0.2404  0.18    0.9082]
 [-0.2414  0.1803  0.9093]
 [-0.241   0.1805  0.9096]]

连续图像帧数为：28
预测动作：place PS, 置信度：0.32111024856567383
预测轨迹为: 
[[-4.0400e-02  1.2410e-01  1.0234e+00]
 [-4.2200e-02  1.2250e-01  1.0238e+00]
 [-4.4200e-02  1.1990e-01  1.0245e+00]
 [-4.6700e-02  1.1740e-01  1.0259e+00]
 [-4.8300e-02  1.1590e-01  1.0253e+00]
 [-5.1900e-02  1.1280e-01  1.0271e+00]
 [-5.5000e-02  1.0950e-01  1.0282e+00]
 [-5.9400e-02  1.0590e-01  1.0293e+00]
 [-6.3800e-02  1.0100e-01  1.0299e+00]
 [-6.8700e-02  9.3500e-02  1.0324e+00]
 [-7.4600e-02  8.7400e-02  1.0344e+00]
 [-7.9700e-02  8.1700e-02  1.0360e+00]
 [-8.5800e-02  7.5400e-02  1.0386e+00]
 [-9.2300e-02  6.9000e-02  1.0423e+00]
 [-9.8100e-02  6.2800e-02  1.0461e+00]
 [-1.0530e-01  5.5600e-02  1.0493e+00]
 [-1.1160e-01  4.9300e-02  1.0528e+00]
 [-1.1830e-01  4.2400e-02  1.0568e+00]
 [-1.2410e-01  3.8000e-02  1.0617e+00]
 [-1.2930e-01  3.2800e-02  1.0665e+00]
 [-1.3490e-01  2.8000e-02  1.0707e+00]
 [-1.4180e-01  2.2600e-02  1.0768e+00]
 [-1.4600e-01  1.7900e-02  1.0803e+00]
 [-1.5130e-01  1.3900e-02  1.0838e+00]
 [-1.5820e-01  9.2000e-03  1.0890e+00]
 [-1.6210e-01  6.3000e-03  1.0925e+00]
 [-1.6650e-01  3.1000e-03  1.0973e+00]
 [-1.7070e-01  8.0000e-04  1.1002e+00]]/opt/ros/noetic/lib/python3/dist-packages/rospy/topics.py:563: UserWarning: 'real-time_image' is not a legal ROS graph resource name. This may cause problems with other ROS tools
  super(Subscriber, self).__init__(name, data_class, Registration.SUB)


连续图像帧数为：28
预测动作：place PS, 置信度：0.9990766048431396
预测轨迹为: 
[[-0.2659  0.1233  0.9109]
 [-0.2644  0.128   0.9062]
 [-0.2655  0.1355  0.9019]
 [-0.2652  0.1422  0.8985]
 [-0.2655  0.1471  0.8954]
 [-0.2679  0.1521  0.8946]
 [-0.2679  0.1604  0.8907]
 [-0.2674  0.167   0.8868]
 [-0.2684  0.1728  0.8856]
 [-0.2678  0.1797  0.8805]
 [-0.2698  0.1847  0.8805]
 [-0.2701  0.192   0.8758]
 [-0.2693  0.1977  0.8742]
 [-0.2687  0.2036  0.8715]
 [-0.2681  0.2099  0.8686]
 [-0.2677  0.2142  0.8662]
 [-0.2672  0.2188  0.8625]
 [-0.2695  0.2216  0.8622]
 [-0.2678  0.2246  0.8569]
 [-0.267   0.2281  0.8533]
 [-0.2662  0.2322  0.8502]
 [-0.2659  0.2353  0.8457]
 [-0.2659  0.2389  0.8413]
 [-0.2642  0.2397  0.8394]
 [-0.265   0.2411  0.8384]
 [-0.2668  0.2418  0.8367]
 [-0.2667  0.243   0.837 ]
 [-0.2647  0.2445  0.8355]]

连续图像帧数为：28
预测动作：place PS, 置信度：0.9999300241470337
预测轨迹为: 
[[-0.2689  0.2343  0.8564]
 [-0.2672  0.2359  0.8572]
 [-0.2664  0.2407  0.8564]
 [-0.2649  0.2427  0.8574]
 [-0.2649  0.2437  0.8579]
 [-0.2658  0.2456  0.8613]
 [-0.2651  0.2485  0.8613]
 [-0.2638  0.2507  0.8619]
 [-0.2641  0.2528  0.8624]
 [-0.2631  0.2535  0.8625]
 [-0.2646  0.2522  0.8662]
 [-0.2646  0.2545  0.8649]
 [-0.264   0.2537  0.8679]
 [-0.2629  0.2531  0.8688]
 [-0.2618  0.2522  0.8703]
 [-0.2621  0.2501  0.87  ]
 [-0.262   0.2486  0.8696]
 [-0.2644  0.2454  0.8717]
 [-0.264   0.2417  0.8704]
 [-0.2629  0.239   0.8702]
 [-0.2626  0.2362  0.8711]
 [-0.2617  0.2341  0.8699]
 [-0.2607  0.2311  0.8696]
 [-0.2587  0.2273  0.8703]
 [-0.2591  0.2239  0.8728]
 [-0.26    0.2205  0.8742]
 [-0.2591  0.2175  0.8791]
 [-0.2565  0.2142  0.8817]]

连续图像帧数为：28
预测动作：place PS, 置信度：0.9523276090621948
预测轨迹为: 
[[-0.1805  0.0998  0.9942]
 [-0.1826  0.1026  0.9898]
 [-0.1833  0.1054  0.9884]
 [-0.1832  0.109   0.9862]
 [-0.1837  0.1119  0.9845]
 [-0.1859  0.1137  0.9846]
 [-0.1863  0.1176  0.982 ]
 [-0.1866  0.1206  0.9802]
 [-0.1879  0.123   0.9789]
 [-0.1881  0.1258  0.9764]
 [-0.1898  0.1275  0.976 ]
 [-0.1914  0.1306  0.9734]
 [-0.1925  0.1324  0.9723]
 [-0.1935  0.1349  0.97  ]
 [-0.195   0.1366  0.9689]
 [-0.1963  0.1379  0.9672]
 [-0.1977  0.1397  0.9648]
 [-0.1996  0.1405  0.9633]
 [-0.2008  0.1423  0.962 ]
 [-0.2022  0.1442  0.96  ]
 [-0.2036  0.1455  0.9581]
 [-0.206   0.1473  0.9563]
 [-0.2072  0.1482  0.9536]
 [-0.208   0.1484  0.9522]
 [-0.2103  0.1486  0.9518]
 [-0.2129  0.1492  0.9515]
 [-0.2143  0.15    0.9515]
 [-0.2149  0.1509  0.9511]]

连续图像帧数为：28
预测动作：place PS, 置信度：0.7919886708259583
预测轨迹为: 
[[-0.0483  0.1553  0.9797]
 [-0.0498  0.1561  0.9762]
 [-0.0507  0.1567  0.9742]
 [-0.0515  0.1575  0.972 ]
 [-0.0521  0.1588  0.9683]
 [-0.0547  0.1582  0.9673]
 [-0.0561  0.1582  0.9643]
 [-0.0582  0.1579  0.962 ]
 [-0.0611  0.1563  0.9599]
 [-0.0641  0.1525  0.9583]
 [-0.0681  0.1496  0.9572]
 [-0.0719  0.1475  0.9553]
 [-0.0767  0.1434  0.9554]
 [-0.0814  0.1408  0.9553]
 [-0.0859  0.1376  0.9558]
 [-0.0911  0.1335  0.9555]
 [-0.0959  0.1299  0.9554]
 [-0.1013  0.1254  0.9561]
 [-0.1067  0.1231  0.958 ]
 [-0.1107  0.121   0.9588]
 [-0.1155  0.1179  0.9597]
 [-0.1215  0.1149  0.962 ]
 [-0.1254  0.1119  0.9622]
 [-0.1299  0.108   0.9637]
 [-0.1351  0.1047  0.9659]
 [-0.1388  0.1033  0.9678]
 [-0.1437  0.1006  0.9714]
 [-0.1468  0.0988  0.9733]]

连续图像帧数为：28
预测动作：place PS, 置信度：0.6158989071846008
预测轨迹为: 
[[-0.1528  0.1618  0.9376]
 [-0.1549  0.1629  0.9343]
 [-0.1559  0.1646  0.9325]
 [-0.1565  0.1661  0.9308]
 [-0.1578  0.1671  0.9285]
 [-0.1607  0.1667  0.9293]
 [-0.162   0.1677  0.9267]
 [-0.1633  0.168   0.9253]
 [-0.1657  0.1681  0.9237]
 [-0.1675  0.166   0.9227]
 [-0.1708  0.1638  0.9231]
 [-0.1737  0.1636  0.9211]
 [-0.1767  0.1611  0.9226]
 [-0.179   0.1596  0.9219]
 [-0.1816  0.1571  0.923 ]
 [-0.1851  0.1543  0.9225]
 [-0.1881  0.1521  0.9223]
 [-0.1923  0.1488  0.923 ]
 [-0.1954  0.1463  0.9241]
 [-0.1976  0.1453  0.924 ]
 [-0.2006  0.1434  0.9246]
 [-0.2039  0.1423  0.925 ]
 [-0.2054  0.1404  0.9246]
 [-0.207   0.1379  0.9253]
 [-0.2103  0.1363  0.9268]
 [-0.2129  0.1349  0.929 ]
 [-0.2149  0.1342  0.9317]
 [-0.2154  0.1333  0.9338]]

连续图像帧数为：28
预测动作：place PS, 置信度：0.5285357236862183
预测轨迹为: 
[[-0.0772  0.1395  1.0022]
 [-0.0788  0.1403  0.9993]
 [-0.0794  0.1408  0.9981]
 [-0.0796  0.1418  0.9963]
 [-0.08    0.1431  0.9938]
 [-0.0822  0.1429  0.9933]
 [-0.0831  0.1433  0.991 ]
 [-0.0847  0.1432  0.9895]
 [-0.0869  0.142   0.9876]
 [-0.089   0.1394  0.9866]
 [-0.0923  0.1371  0.9858]
 [-0.0953  0.1357  0.9842]
 [-0.099   0.1327  0.9839]
 [-0.1027  0.1308  0.9836]
 [-0.1063  0.1282  0.984 ]
 [-0.1102  0.1249  0.9835]
 [-0.114   0.1221  0.983 ]
 [-0.1183  0.1186  0.9832]
 [-0.1225  0.1169  0.9848]
 [-0.1257  0.1151  0.9851]
 [-0.1296  0.1126  0.9857]
 [-0.1347  0.1102  0.9876]
 [-0.1378  0.1076  0.9875]
 [-0.1415  0.1044  0.9885]
 [-0.146   0.1015  0.9903]
 [-0.1493  0.1001  0.9918]
 [-0.1532  0.0978  0.9946]
 [-0.156   0.0963  0.9959]]

连续图像帧数为：28
预测动作：place PS, 置信度：0.4237930476665497
预测轨迹为: 
[[-0.055   0.1583  1.0192]
 [-0.0521  0.1599  1.0177]
 [-0.0502  0.1609  1.0163]
 [-0.0473  0.1635  1.0141]
 [-0.0448  0.1662  1.0112]
 [-0.0445  0.1683  1.0104]
 [-0.0426  0.1702  1.0079]
 [-0.0413  0.1719  1.0063]
 [-0.0407  0.1718  1.0044]
 [-0.04    0.1718  1.0031]
 [-0.041   0.1707  1.0019]
 [-0.041   0.1714  0.9998]
 [-0.0425  0.17    0.9986]
 [-0.0438  0.1695  0.9986]
 [-0.045   0.1683  0.9983]
 [-0.046   0.1668  0.9974]
 [-0.0472  0.1655  0.9959]
 [-0.0488  0.1634  0.9949]
 [-0.0511  0.1628  0.9957]
 [-0.0525  0.1614  0.9951]
 [-0.0543  0.159   0.9948]
 [-0.0577  0.1568  0.9961]
 [-0.0601  0.154   0.9951]
 [-0.062   0.1506  0.9948]
 [-0.0653  0.1473  0.9957]
 [-0.0676  0.146   0.9954]
 [-0.071   0.1417  0.9977]
 [-0.0734  0.1395  0.9979]]
